nil


Processing RecipeController#list (for 127.0.0.1 at 2005-10-22 02:22:10) [GET]
  Parameters: {"action"=>"list", "controller"=>"recipe"}
  [4;36;1mRecipe Load (0.140000)[0m   [0;1mSELECT * FROM recipes [0m
Rendering  within layouts/standard-layout
Rendering recipe/list
  [4;35;1mRecipe Columns (0.016000)[0m   [0mSHOW FIELDS FROM recipes[0m
  [4;36;1mCategory Load (0.015000)[0m   [0;1mSELECT * FROM categories WHERE (categories.id = 1) LIMIT 1[0m
  [4;35;1mCategory Columns (0.000000)[0m   [0mSHOW FIELDS FROM categories[0m
  [4;36;1mCategory Load (0.000000)[0m   [0;1mSELECT * FROM categories WHERE (categories.id = 2) LIMIT 1[0m
  [4;35;1mCategory Load (0.000000)[0m   [0mSELECT * FROM categories WHERE (categories.id = 1) LIMIT 1[0m
Completed in 0.32800 (3 reqs/sec) | Rendering: 0.03200 (9%) | DB: 0.17100 (52%) | 200 OK [http://www.mycookbook.com/recipe/list]


Processing RecipeController#list (for 127.0.0.1 at 2005-10-22 02:22:17) [GET]
  Parameters: {"category"=>"Snacks", "action"=>"list", "controller"=>"recipe"}
  [4;36;1mRecipe Load (0.000000)[0m   [0;1mSELECT * FROM recipes [0m
Rendering  within layouts/standard-layout
Rendering recipe/list
  [4;35;1mRecipe Columns (0.000000)[0m   [0mSHOW FIELDS FROM recipes[0m
  [4;36;1mCategory Load (0.000000)[0m   [0;1mSELECT * FROM categories WHERE (categories.id = 1) LIMIT 1[0m
  [4;35;1mCategory Columns (0.000000)[0m   [0mSHOW FIELDS FROM categories[0m
  [4;36;1mCategory Load (0.015000)[0m   [0;1mSELECT * FROM categories WHERE (categories.id = 2) LIMIT 1[0m
  [4;35;1mCategory Load (0.000000)[0m   [0mSELECT * FROM categories WHERE (categories.id = 1) LIMIT 1[0m
Completed in 0.07800 (12 reqs/sec) | Rendering: 0.01600 (20%) | DB: 0.01500 (19%) | 200 OK [http://www.mycookbook.com/recipe/list?category=Snacks]


Processing RecipeController#show (for 127.0.0.1 at 2005-10-22 02:22:20) [GET]
  Parameters: {"action"=>"show", "id"=>"1", "controller"=>"recipe"}
  [4;36;1mRecipe Load (0.032000)[0m   [0;1mSELECT * FROM recipes WHERE (recipes.id = '1') LIMIT 1[0m
  [4;35;1mRecipe Columns (0.000000)[0m   [0mSHOW FIELDS FROM recipes[0m
Rendering layouts/standard-layout
Completed in 0.04700 (21 reqs/sec) | DB: 0.03200 (68%) | 200 OK [http://www.mycookbook.com/recipe/show/1]


Processing CategoryController#list (for 127.0.0.1 at 2005-10-22 02:22:22) [GET]
  Parameters: {"action"=>"list", "controller"=>"category"}
  [4;36;1mCategory Count (0.000000)[0m   [0;1mSELECT COUNT(*) FROM categories [0m
  [4;35;1mCategory Load (0.000000)[0m   [0mSELECT * FROM categories LIMIT 0, 10[0m
  [4;36;1mCategory Columns (0.000000)[0m   [0;1mSHOW FIELDS FROM categories[0m
Rendering layouts/standard-layout
Completed in 0.03100 (32 reqs/sec) | DB: 0.00000 (0%) | 200 OK [http://www.mycookbook.com/category/list]


Processing RecipeController#list (for 127.0.0.1 at 2005-10-22 02:22:27) [GET]
  Parameters: {"action"=>"list", "controller"=>"recipe"}
  [4;35;1mRecipe Load (0.000000)[0m   [0mSELECT * FROM recipes [0m
Rendering  within layouts/standard-layout
Rendering recipe/list
  [4;36;1mRecipe Columns (0.000000)[0m   [0;1mSHOW FIELDS FROM recipes[0m
  [4;35;1mCategory Load (0.000000)[0m   [0mSELECT * FROM categories WHERE (categories.id = 1) LIMIT 1[0m
  [4;36;1mCategory Columns (0.000000)[0m   [0;1mSHOW FIELDS FROM categories[0m
  [4;35;1mCategory Load (0.015000)[0m   [0mSELECT * FROM categories WHERE (categories.id = 2) LIMIT 1[0m
  [4;36;1mCategory Load (0.000000)[0m   [0;1mSELECT * FROM categories WHERE (categories.id = 1) LIMIT 1[0m
Completed in 0.03100 (32 reqs/sec) | Rendering: 0.01600 (51%) | DB: 0.01500 (48%) | 200 OK [http://www.mycookbook.com/recipe/list]


Processing RecipeController#list (for 127.0.0.1 at 2005-10-24 00:03:44) [GET]
  Parameters: {"action"=>"list", "controller"=>"recipe"}
  [4;36;1mRecipe Load (0.125000)[0m   [0;1mSELECT * FROM recipes [0m
Rendering  within layouts/standard-layout
Rendering recipe/list
  [4;35;1mRecipe Columns (0.016000)[0m   [0mSHOW FIELDS FROM recipes[0m
  [4;36;1mCategory Load (0.031000)[0m   [0;1mSELECT * FROM categories WHERE (categories.id = 1) LIMIT 1[0m
  [4;35;1mCategory Columns (0.000000)[0m   [0mSHOW FIELDS FROM categories[0m
  [4;36;1mCategory Load (0.000000)[0m   [0;1mSELECT * FROM categories WHERE (categories.id = 2) LIMIT 1[0m
  [4;35;1mCategory Load (0.000000)[0m   [0mSELECT * FROM categories WHERE (categories.id = 1) LIMIT 1[0m
Completed in 0.34400 (2 reqs/sec) | Rendering: 0.03100 (9%) | DB: 0.17200 (49%) | 200 OK [http://www.mycookbook.com/recipe/list]


Processing RecipeController#show (for 127.0.0.1 at 2005-10-24 00:03:47) [GET]
  Parameters: {"action"=>"show", "id"=>"2", "controller"=>"recipe"}
  [4;36;1mRecipe Load (0.000000)[0m   [0;1mSELECT * FROM recipes WHERE (recipes.id = '2') LIMIT 1[0m
  [4;35;1mRecipe Columns (0.000000)[0m   [0mSHOW FIELDS FROM recipes[0m
Rendering layouts/standard-layout
Completed in 0.03100 (32 reqs/sec) | DB: 0.00000 (0%) | 200 OK [http://www.mycookbook.com/recipe/show/2]


Processing RecipeController#list (for 127.0.0.1 at 2005-10-24 00:07:31) [GET]
  Parameters: {"action"=>"list", "controller"=>"recipe"}
  [4;36;1mRecipe Load (0.000000)[0m   [0;1mSELECT * FROM recipes [0m
Rendering  within layouts/standard-layout
Rendering recipe/list
  [4;35;1mRecipe Columns (0.000000)[0m   [0mSHOW FIELDS FROM recipes[0m
  [4;36;1mCategory Load (0.015000)[0m   [0;1mSELECT * FROM categories WHERE (categories.id = 1) LIMIT 1[0m
  [4;35;1mCategory Columns (0.000000)[0m   [0mSHOW FIELDS FROM categories[0m
  [4;36;1mCategory Load (0.000000)[0m   [0;1mSELECT * FROM categories WHERE (categories.id = 2) LIMIT 1[0m
  [4;35;1mCategory Load (0.000000)[0m   [0mSELECT * FROM categories WHERE (categories.id = 1) LIMIT 1[0m
Completed in 0.14100 (7 reqs/sec) | Rendering: 0.03200 (22%) | DB: 0.01500 (10%) | 200 OK [http://www.mycookbook.com/recipe/list]


Processing RecipeController#show (for 127.0.0.1 at 2005-10-24 00:07:33) [GET]
  Parameters: {"action"=>"show", "id"=>"3", "controller"=>"recipe"}
  [4;36;1mRecipe Load (0.000000)[0m   [0;1mSELECT * FROM recipes WHERE (recipes.id = '3') LIMIT 1[0m
  [4;35;1mRecipe Columns (0.000000)[0m   [0mSHOW FIELDS FROM recipes[0m
Rendering layouts/standard-layout
Completed in 0.04700 (21 reqs/sec) | DB: 0.00000 (0%) | 200 OK [http://www.mycookbook.com/recipe/show/3]


Processing RecipeController#list (for 127.0.0.1 at 2005-10-26 10:33:51) [GET]
  Parameters: {"action"=>"list", "controller"=>"recipe"}
  [4;36;1mRecipe Load (0.000000)[0m   [0;1mSELECT * FROM recipes [0m
Rendering  within layouts/standard-layout
Rendering recipe/list
  [4;35;1mRecipe Columns (0.000000)[0m   [0mSHOW FIELDS FROM recipes[0m
  [4;36;1mCategory Load (0.000000)[0m   [0;1mSELECT * FROM categories WHERE (categories.id = 1) LIMIT 1[0m
  [4;35;1mCategory Columns (0.000000)[0m   [0mSHOW FIELDS FROM categories[0m
  [4;36;1mCategory Load (0.016000)[0m   [0;1mSELECT * FROM categories WHERE (categories.id = 2) LIMIT 1[0m
  [4;35;1mCategory Load (0.000000)[0m   [0mSELECT * FROM categories WHERE (categories.id = 1) LIMIT 1[0m
Completed in 0.17200 (5 reqs/sec) | Rendering: 0.04600 (26%) | DB: 0.01600 (9%) | 200 OK [http://www.mycookbook.com/recipe/list]


Processing RecipeController#show (for 127.0.0.1 at 2005-10-26 10:33:57) [GET]
  Parameters: {"action"=>"show", "id"=>"2", "controller"=>"recipe"}
  [4;36;1mRecipe Load (0.032000)[0m   [0;1mSELECT * FROM recipes WHERE (recipes.id = '2') LIMIT 1[0m
  [4;35;1mRecipe Columns (0.015000)[0m   [0mSHOW FIELDS FROM recipes[0m
Rendering layouts/standard-layout
Completed in 0.06200 (16 reqs/sec) | DB: 0.04700 (75%) | 200 OK [http://www.mycookbook.com/recipe/show/2]


Processing RecipeController#new (for 127.0.0.1 at 2005-10-26 10:34:00) [GET]
  Parameters: {"action"=>"new", "controller"=>"recipe"}
  [4;36;1mRecipe Columns (0.000000)[0m   [0;1mSHOW FIELDS FROM recipes[0m
  [4;35;1mCategory Load (0.000000)[0m   [0mSELECT * FROM categories [0m
Rendering  within layouts/standard-layout
Rendering recipe/new
  [4;36;1mCategory Columns (0.000000)[0m   [0;1mSHOW FIELDS FROM categories[0m
Completed in 0.04700 (21 reqs/sec) | Rendering: 0.01500 (31%) | DB: 0.00000 (0%) | 200 OK [http://www.mycookbook.com/recipe/new]


Processing RecipeController#list (for 127.0.0.1 at 2005-10-26 15:07:11) [GET]
  Parameters: {"action"=>"list", "controller"=>"recipe"}
  [4;36;1mRecipe Load (0.141000)[0m   [0;1mSELECT * FROM recipes [0m
Rendering  within layouts/standard-layout
Rendering recipe/list
  [4;35;1mRecipe Columns (0.016000)[0m   [0mSHOW FIELDS FROM recipes[0m
  [4;36;1mCategory Load (0.016000)[0m   [0;1mSELECT * FROM categories WHERE (categories.id = 1) LIMIT 1[0m
  [4;35;1mCategory Columns (0.000000)[0m   [0mSHOW FIELDS FROM categories[0m
  [4;36;1mCategory Load (0.000000)[0m   [0;1mSELECT * FROM categories WHERE (categories.id = 2) LIMIT 1[0m
  [4;35;1mCategory Load (0.000000)[0m   [0mSELECT * FROM categories WHERE (categories.id = 1) LIMIT 1[0m
Completed in 0.32800 (3 reqs/sec) | Rendering: 0.03000 (9%) | DB: 0.17300 (52%) | 200 OK [http://www.mycookbook.com/recipe/list]


Processing RecipeController#list (for 127.0.0.1 at 2005-10-27 09:11:56) [GET]
  Parameters: {"action"=>"list", "controller"=>"recipe"}
  [4;36;1mRecipe Load (0.110000)[0m   [0;1mSELECT * FROM recipes [0m
Rendering  within layouts/standard-layout
Rendering recipe/list
  [4;35;1mRecipe Columns (0.016000)[0m   [0mSHOW FIELDS FROM recipes[0m
  [4;36;1mCategory Load (0.031000)[0m   [0;1mSELECT * FROM categories WHERE (categories.id = 1) LIMIT 1[0m
  [4;35;1mCategory Columns (0.000000)[0m   [0mSHOW FIELDS FROM categories[0m
  [4;36;1mCategory Load (0.000000)[0m   [0;1mSELECT * FROM categories WHERE (categories.id = 2) LIMIT 1[0m
  [4;35;1mCategory Load (0.000000)[0m   [0mSELECT * FROM categories WHERE (categories.id = 1) LIMIT 1[0m
Completed in 0.39100 (2 reqs/sec) | Rendering: 0.03100 (7%) | DB: 0.15700 (40%) | 200 OK [http://www.mycookbook.com/recipe/list]
  [4;36;1mRecipe Columns (0.093000)[0m   [0;1mSHOW FIELDS FROM recipes[0m
