nil


Processing RecipeController#list (for 127.0.0.1 at 2005-10-23 17:21:36) [GET]
  Parameters: {"action"=>"list", "controller"=>"recipe"}
Rendering  within layouts/standard-layout
Rendering recipe/list
Completed in 1.31300 (0 reqs/sec) | Rendering: 0.09300 (7%) | DB: 0.75100 (57%) | 200 OK [http://www.mycookbook.com/recipe/list]


Processing CategoryController#list (for 127.0.0.1 at 2005-10-23 17:21:45) [GET]
  Parameters: {"action"=>"list", "controller"=>"category"}
Rendering layouts/standard-layout
Completed in 0.11000 (9 reqs/sec) | DB: 0.03100 (28%) | 200 OK [http://www.mycookbook.com/category/list]


Processing RecipeController#new (for 127.0.0.1 at 2005-10-23 17:21:49) [GET]
  Parameters: {"action"=>"new", "controller"=>"recipe"}
Rendering  within layouts/standard-layout
Rendering recipe/new
Completed in 0.04700 (21 reqs/sec) | Rendering: 0.03100 (65%) | DB: 0.00000 (0%) | 200 OK [http://www.mycookbook.com/recipe/new]


Processing RecipeController#list (for 127.0.0.1 at 2005-10-23 17:21:51) [GET]
  Parameters: {"action"=>"list", "controller"=>"recipe"}
Rendering  within layouts/standard-layout
Rendering recipe/list
Completed in 0.01500 (66 reqs/sec) | Rendering: 0.01500 (100%) | DB: 0.00000 (0%) | 200 OK [http://www.mycookbook.com/recipe/list]


Processing RecipeController#list (for 127.0.0.1 at 2005-10-23 21:15:47) [GET]
  Parameters: {"action"=>"list", "controller"=>"recipe"}
Rendering  within layouts/standard-layout
Rendering recipe/list
Completed in 0.53100 (1 reqs/sec) | Rendering: 0.07800 (14%) | DB: 0.20300 (38%) | 200 OK [http://www.mycookbook.com/recipe/list]


Processing RecipeController#show (for 127.0.0.1 at 2005-10-23 21:15:49) [GET]
  Parameters: {"action"=>"show", "id"=>"1", "controller"=>"recipe"}
Rendering layouts/standard-layout
Completed in 0.04700 (21 reqs/sec) | DB: 0.00000 (0%) | 200 OK [http://www.mycookbook.com/recipe/show/1]


Processing RecipeController#list (for 127.0.0.1 at 2005-10-26 10:32:48) [GET]
  Parameters: {"action"=>"list", "controller"=>"recipe"}
Rendering  within layouts/standard-layout
Rendering recipe/list
Completed in 0.82900 (1 reqs/sec) | Rendering: 0.14100 (17%) | DB: 0.45300 (54%) | 200 OK [http://www.mycookbook.com/recipe/list]


Processing CategoryController#list (for 127.0.0.1 at 2005-10-26 10:32:52) [GET]
  Parameters: {"action"=>"list", "controller"=>"category"}
Rendering layouts/standard-layout
Completed in 0.10900 (9 reqs/sec) | DB: 0.03100 (28%) | 200 OK [http://www.mycookbook.com/category/list]


Processing RecipeController#list (for 127.0.0.1 at 2005-10-26 10:32:54) [GET]
  Parameters: {"action"=>"list", "controller"=>"recipe"}
Rendering  within layouts/standard-layout
Rendering recipe/list
Completed in 0.01600 (62 reqs/sec) | Rendering: 0.00000 (0%) | DB: 0.01600 (100%) | 200 OK [http://www.mycookbook.com/recipe/list]


Processing RecipeController#list (for 127.0.0.1 at 2005-10-26 10:32:55) [GET]
  Parameters: {"category"=>"Snacks", "action"=>"list", "controller"=>"recipe"}
Rendering  within layouts/standard-layout
Rendering recipe/list
Completed in 0.01500 (66 reqs/sec) | Rendering: 0.01500 (100%) | DB: 0.00000 (0%) | 200 OK [http://www.mycookbook.com/recipe/list?category=Snacks]


Processing RecipeController#new (for 127.0.0.1 at 2005-10-26 10:32:59) [GET]
  Parameters: {"action"=>"new", "controller"=>"recipe"}
Rendering  within layouts/standard-layout
Rendering recipe/new
Completed in 0.01500 (66 reqs/sec) | Rendering: 0.01500 (100%) | DB: 0.00000 (0%) | 200 OK [http://www.mycookbook.com/recipe/new]
