051016 21:03:35  InnoDB: Started; log sequence number 0 56015
051016 21:03:35 [Warning] mysql.user table is not updated to new password format; Disabling new password usage until mysql_fix_privilege_tables is run
051016 21:03:35 [Warning] Can't open and lock time zone table: Table 'mysql.time_zone_leap_second' doesn't exist trying to live without them
D:\INSTAN~1\trunk\INSTAN~1\MySql\bin\mysqld.exe: ready for connections.
Version: '4.1.9-max'  socket: ''  port: 3306  Source distribution
051016 21:04:04 [Note] D:\INSTAN~1\trunk\INSTAN~1\MySql\bin\mysqld.exe: Normal shutdown

051016 21:04:04  InnoDB: Starting shutdown...
051016 21:04:07  InnoDB: Shutdown completed; log sequence number 0 56015
051016 21:04:07 [Note] D:\INSTAN~1\trunk\INSTAN~1\MySql\bin\mysqld.exe: Shutdown complete

051016 22:58:03  InnoDB: Started; log sequence number 0 56015
051016 22:58:03 [Warning] mysql.user table is not updated to new password format; Disabling new password usage until mysql_fix_privilege_tables is run
051016 22:58:03 [Warning] Can't open and lock time zone table: Table 'mysql.time_zone_leap_second' doesn't exist trying to live without them
D:\INSTAN~1\trunk\INSTAN~1\MySql\bin\mysqld.exe: ready for connections.
Version: '4.1.9-max'  socket: ''  port: 3306  Source distribution
051016 23:13:42 [Note] D:\INSTAN~1\trunk\INSTAN~1\MySql\bin\mysqld.exe: Normal shutdown

051016 23:13:43 [ERROR] D:\INSTAN~1\trunk\INSTAN~1\MySql\bin\mysqld.exe: Forcing close of thread 1  user: 'root'

051016 23:13:43  InnoDB: Starting shutdown...
051016 23:13:45  InnoDB: Shutdown completed; log sequence number 0 56025
051016 23:13:45 [Note] D:\INSTAN~1\trunk\INSTAN~1\MySql\bin\mysqld.exe: Shutdown complete

051017 11:29:07  InnoDB: Started; log sequence number 0 56025
051017 11:29:07 [Warning] mysql.user table is not updated to new password format; Disabling new password usage until mysql_fix_privilege_tables is run
051017 11:29:07 [Warning] Can't open and lock time zone table: Table 'mysql.time_zone_leap_second' doesn't exist trying to live without them
D:\INSTAN~1\trunk\INSTAN~1\MySql\bin\mysqld.exe: ready for connections.
Version: '4.1.9-max'  socket: ''  port: 3306  Source distribution
051017 11:30:04 [Note] D:\INSTAN~1\trunk\INSTAN~1\MySql\bin\mysqld.exe: Normal shutdown

051017 11:30:04  InnoDB: Starting shutdown...
051017 11:30:07  InnoDB: Shutdown completed; log sequence number 0 56025
051017 11:30:07 [Note] D:\INSTAN~1\trunk\INSTAN~1\MySql\bin\mysqld.exe: Shutdown complete

